mode: set
github.com/jitesh80/go-toolkit/tools.go:26.44,28.22 2 1
github.com/jitesh80/go-toolkit/tools.go:33.5,33.21 1 1
github.com/jitesh80/go-toolkit/tools.go:28.22,32.6 3 1
github.com/jitesh80/go-toolkit/tools.go:44.105,46.24 2 1
github.com/jitesh80/go-toolkit/tools.go:50.5,51.19 2 1
github.com/jitesh80/go-toolkit/tools.go:55.5,55.25 1 1
github.com/jitesh80/go-toolkit/tools.go:46.24,48.6 1 1
github.com/jitesh80/go-toolkit/tools.go:51.19,53.6 1 0
github.com/jitesh80/go-toolkit/tools.go:58.105,62.24 2 1
github.com/jitesh80/go-toolkit/tools.go:66.5,69.27 2 1
github.com/jitesh80/go-toolkit/tools.go:73.5,74.19 2 1
github.com/jitesh80/go-toolkit/tools.go:80.5,80.51 1 1
github.com/jitesh80/go-toolkit/tools.go:164.5,164.30 1 1
github.com/jitesh80/go-toolkit/tools.go:62.24,64.6 1 1
github.com/jitesh80/go-toolkit/tools.go:69.27,71.6 1 1
github.com/jitesh80/go-toolkit/tools.go:74.19,78.6 3 0
github.com/jitesh80/go-toolkit/tools.go:80.51,81.38 1 1
github.com/jitesh80/go-toolkit/tools.go:81.38,82.95 1 1
github.com/jitesh80/go-toolkit/tools.go:159.13,159.27 1 1
github.com/jitesh80/go-toolkit/tools.go:82.95,86.31 3 1
github.com/jitesh80/go-toolkit/tools.go:89.17,96.31 4 1
github.com/jitesh80/go-toolkit/tools.go:101.17,110.48 3 1
github.com/jitesh80/go-toolkit/tools.go:122.17,122.29 1 1
github.com/jitesh80/go-toolkit/tools.go:127.17,128.31 2 1
github.com/jitesh80/go-toolkit/tools.go:133.17,133.31 1 1
github.com/jitesh80/go-toolkit/tools.go:138.17,144.106 4 1
github.com/jitesh80/go-toolkit/tools.go:154.17,155.42 2 1
github.com/jitesh80/go-toolkit/tools.go:86.31,88.18 1 0
github.com/jitesh80/go-toolkit/tools.go:96.31,98.18 1 0
github.com/jitesh80/go-toolkit/tools.go:110.48,111.58 1 1
github.com/jitesh80/go-toolkit/tools.go:111.58,112.59 1 1
github.com/jitesh80/go-toolkit/tools.go:112.59,114.26 1 1
github.com/jitesh80/go-toolkit/tools.go:116.23,119.18 1 1
github.com/jitesh80/go-toolkit/tools.go:122.29,124.18 1 1
github.com/jitesh80/go-toolkit/tools.go:128.31,130.18 1 0
github.com/jitesh80/go-toolkit/tools.go:133.31,135.18 1 1
github.com/jitesh80/go-toolkit/tools.go:135.23,137.18 1 1
github.com/jitesh80/go-toolkit/tools.go:144.106,146.18 1 0
github.com/jitesh80/go-toolkit/tools.go:146.23,148.35 2 1
github.com/jitesh80/go-toolkit/tools.go:151.21,151.53 1 1
github.com/jitesh80/go-toolkit/tools.go:148.35,150.22 1 0
github.com/jitesh80/go-toolkit/tools.go:159.27,161.14 1 1
